
=== Mon Oct 24 23:15:55 2022

Packages were changed.
Update Mode: updateDependencies

The following packages were added:
  com.unity.2d.sprite@1.0.0
  com.unity.2d.tilemap@1.0.0
  com.unity.ide.rider@3.0.15
  com.unity.ide.visualstudio@2.0.16
  com.unity.ide.vscode@1.2.5
  com.unity.modules.androidjni@1.0.0
  com.unity.test-framework@1.1.31
  com.unity.timeline@1.6.4
  com.unity.ugui@1.0.0
  com.unity.xr.legacyinputhelpers@2.1.10
The following packages were updated:
  com.unity.textmeshpro from version 1.4.1 to 3.0.6
  com.unity.xr.arfoundation from version 1.5.0-preview.6 to 4.2.3
The following packages were removed:
  com.unity.package-manager-ui@2.0.13
  com.unity.xr.openvr.standalone@1.0.5
  com.unity.xr.windowsmr.metro@1.0.21
